<?xml version="1.0" encoding="UTF-8"?>
<!-- Generated by org.testng.reporters.JUnitXMLReporter -->
<testsuite ignored="0" hostname="LAPTOP-PU8VKKP8" failures="1" tests="8" name="Test" time="0.092" errors="0" timestamp="2022-07-01T23:10:46 IST">
  <testcase classname="testNGTest.InvalidLoginTest" name="@BeforeTest setUp" time="0.03">
    <failure type="java.lang.IllegalStateException" message="The driver executable must exist: C:\Users\JINTO\eclipse-workspace\TestSelenium\chromedriver.exe">
      <![CDATA[java.lang.IllegalStateException: The driver executable must exist: C:\Users\JINTO\eclipse-workspace\TestSelenium\chromedriver.exe
at org.openqa.selenium.internal.Require$FileStateChecker.isFile(Require.java:342)
at org.openqa.selenium.remote.service.DriverService.checkExecutable(DriverService.java:147)
at org.openqa.selenium.remote.service.DriverService.findExecutable(DriverService.java:142)
at org.openqa.selenium.chrome.ChromeDriverService.access$000(ChromeDriverService.java:38)
at org.openqa.selenium.chrome.ChromeDriverService$Builder.findDefaultExecutable(ChromeDriverService.java:231)
at org.openqa.selenium.remote.service.DriverService$Builder.build(DriverService.java:437)
at org.openqa.selenium.chrome.ChromeDriverService.createDefaultService(ChromeDriverService.java:127)
at org.openqa.selenium.chrome.ChromeDriver.<init>(ChromeDriver.java:48)
at testNGTest.InvalidLoginTest.setUp(InvalidLoginTest.java:29)
... Removed 24 stack frames]]>
    </failure>
  </testcase> <!-- @BeforeTest setUp -->
  <testcase classname="testNGTest.Login" name="@BeforeTest setUp" time="-1.656697246598E9">
    <skipped/>
  </testcase> <!-- @BeforeTest setUp -->
  <testcase classname="test.LoginTest" name="@BeforeTest setUp" time="-1.656697246599E9">
    <skipped/>
  </testcase> <!-- @BeforeTest setUp -->
  <testcase classname="test.LoginTest" name="@BeforeMethod setUp" time="-1.656697246635E9">
    <skipped/>
  </testcase> <!-- @BeforeMethod setUp -->
  <testcase classname="test.LoginTest" name="@AfterMethod tearDown" time="-1.656697246639E9">
    <skipped/>
  </testcase> <!-- @AfterMethod tearDown -->
  <testcase classname="testNGTest.InvalidLoginTest" name="@BeforeMethod setUp" time="-1.65669724664E9">
    <skipped/>
  </testcase> <!-- @BeforeMethod setUp -->
  <testcase classname="testNGTest.InvalidLoginTest" name="@BeforeMethod setUp" time="-1.656697246644E9">
    <skipped/>
  </testcase> <!-- @BeforeMethod setUp -->
  <testcase classname="testNGTest.InvalidLoginTest" name="@BeforeMethod setUp" time="-1.656697246647E9">
    <skipped/>
  </testcase> <!-- @BeforeMethod setUp -->
  <testcase classname="testNGTest.Login" name="@AfterTest tearDown" time="-1.65669724665E9">
    <skipped/>
  </testcase> <!-- @AfterTest tearDown -->
  <testcase classname="test.LoginTest" name="@AfterTest tearDown" time="-1.656697246651E9">
    <skipped/>
  </testcase> <!-- @AfterTest tearDown -->
  <testcase classname="testNGTest.Login" name="validLogin" time="0.0">
    <failure type="org.testng.TestNGException" message="
Parameter &amp;apos;username&amp;apos; is required by @Test on method validLogin but has not been marked @Optional or defined
in C:\Users\JINTO\eclipse-workspace\TestSelenium\testng.xml">
      <![CDATA[org.testng.TestNGException: 
Parameter 'username' is required by @Test on method validLogin but has not been marked @Optional or defined
in C:\Users\JINTO\eclipse-workspace\TestSelenium\testng.xml
at java.base/java.util.ArrayList.forEach(ArrayList.java:1511)
... Removed 26 stack frames]]>
    </failure>
  </testcase> <!-- validLogin -->
  <testcase classname="testNGTest.Login" name="invalidLogin" time="0.0">
    <skipped/>
  </testcase> <!-- invalidLogin -->
  <testcase classname="testNGTest.Login" name="invalidLogin" time="0.0">
    <skipped/>
  </testcase> <!-- invalidLogin -->
  <testcase classname="testNGTest.Login" name="invalidLogin" time="0.0">
    <skipped/>
  </testcase> <!-- invalidLogin -->
  <testcase classname="test.LoginTest" name="loginTest" time="0.0">
    <skipped/>
  </testcase> <!-- loginTest -->
  <testcase classname="testNGTest.InvalidLoginTest" name="invalidLogin" time="0.0">
    <skipped/>
  </testcase> <!-- invalidLogin -->
  <testcase classname="testNGTest.InvalidLoginTest" name="invalidLogin" time="0.0">
    <skipped/>
  </testcase> <!-- invalidLogin -->
  <testcase classname="testNGTest.InvalidLoginTest" name="invalidLogin" time="0.0">
    <skipped/>
  </testcase> <!-- invalidLogin -->
</testsuite> <!-- Test -->
